<?xml version="1.0" encoding="UTF-8"?>
<testsuite xmlns:xsi="http://www.w3.org/2001/XMLSchema-instance" xsi:noNamespaceSchemaLocation="https://maven.apache.org/surefire/maven-surefire-plugin/xsd/surefire-test-report-3.0.xsd" version="3.0" name="Data Driven testing is using Scenario Outline" time="67.007" tests="7" errors="0" skipped="0" failures="0">
  <properties>
[...]
</properties>
  <testcase name="Google capital city search #1" classname="Data Driven testing is using Scenario Outline" time="9.76">
    <system-out><![CDATA[
@google_scenario_outline
Scenario Outline: Google capital city search  &amp#27;[90m# src/test/resources/features/googleScenarioOutline.feature:9&amp#27;[0m
-->It is coming from @Before in Hooks
  &amp#27;[32mGiven &amp#27;[0m&amp#27;[32mUser is on Google search page&amp#27;[0m         &amp#27;[90m# com.cydeo.step_definitions.GoogleSearchStepDefs.user_is_on_google_search_page()&amp#27;[0m
  &amp#27;[32mWhen &amp#27;[0m&amp#27;[32mUser searches for &amp#27;[0m&amp#27;[32m&amp#27;[1m"Turkey"&amp#27;[0m&amp#27;[32m capital&amp#27;[0m     &amp#27;[90m# com.cydeo.step_definitions.GoogleSearchStepDefs.user_searches_for_capital(java.lang.String)&amp#27;[0m
  &amp#27;[32mThen &amp#27;[0m&amp#27;[32mUser should see &amp#27;[0m&amp#27;[32m&amp#27;[1m"Ankara"&amp#27;[0m&amp#27;[32m in the result&amp#27;[0m &amp#27;[90m# com.cydeo.step_definitions.GoogleSearchStepDefs.user_should_see_in_the_result(java.lang.String)&amp#27;[0m
-->It is coming from @After in Hooks
]]></system-out>
    <system-err><![CDATA[Starting ChromeDriver 103.0.5060.53 (a1711811edd74ff1cf2150f36ffa3b0dae40b17f-refs/branch-heads/5060@{#853}) on port 28160
Only local connections are allowed.
Please see https://chromedriver.chromium.org/security-considerations for suggestions on keeping ChromeDriver safe.
ChromeDriver was started successfully.
Jul 12, 2022 10:34:06 AM org.openqa.selenium.remote.ProtocolHandshake createSession
INFO: Detected dialect: W3C
]]></system-err>
  </testcase>
  <testcase name="Google capital city search #2" classname="Data Driven testing is using Scenario Outline" time="10.149">
    <system-out><![CDATA[
@google_scenario_outline
Scenario Outline: Google capital city search  &amp#27;[90m# src/test/resources/features/googleScenarioOutline.feature:10&amp#27;[0m
-->It is coming from @Before in Hooks
  &amp#27;[32mGiven &amp#27;[0m&amp#27;[32mUser is on Google search page&amp#27;[0m         &amp#27;[90m# com.cydeo.step_definitions.GoogleSearchStepDefs.user_is_on_google_search_page()&amp#27;[0m
  &amp#27;[32mWhen &amp#27;[0m&amp#27;[32mUser searches for &amp#27;[0m&amp#27;[32m&amp#27;[1m"Azerbaijan"&amp#27;[0m&amp#27;[32m capital&amp#27;[0m &amp#27;[90m# com.cydeo.step_definitions.GoogleSearchStepDefs.user_searches_for_capital(java.lang.String)&amp#27;[0m
  &amp#27;[32mThen &amp#27;[0m&amp#27;[32mUser should see &amp#27;[0m&amp#27;[32m&amp#27;[1m"Baku"&amp#27;[0m&amp#27;[32m in the result&amp#27;[0m   &amp#27;[90m# com.cydeo.step_definitions.GoogleSearchStepDefs.user_should_see_in_the_result(java.lang.String)&amp#27;[0m
-->It is coming from @After in Hooks
]]></system-out>
    <system-err><![CDATA[Starting ChromeDriver 103.0.5060.53 (a1711811edd74ff1cf2150f36ffa3b0dae40b17f-refs/branch-heads/5060@{#853}) on port 18237
Only local connections are allowed.
Please see https://chromedriver.chromium.org/security-considerations for suggestions on keeping ChromeDriver safe.
ChromeDriver was started successfully.
Jul 12, 2022 10:34:16 AM org.openqa.selenium.remote.ProtocolHandshake createSession
INFO: Detected dialect: W3C
]]></system-err>
  </testcase>
  <testcase name="Google capital city search #3" classname="Data Driven testing is using Scenario Outline" time="10.548">
    <system-out><![CDATA[
@google_scenario_outline
Scenario Outline: Google capital city search    &amp#27;[90m# src/test/resources/features/googleScenarioOutline.feature:11&amp#27;[0m
-->It is coming from @Before in Hooks
  &amp#27;[32mGiven &amp#27;[0m&amp#27;[32mUser is on Google search page&amp#27;[0m           &amp#27;[90m# com.cydeo.step_definitions.GoogleSearchStepDefs.user_is_on_google_search_page()&amp#27;[0m
  &amp#27;[32mWhen &amp#27;[0m&amp#27;[32mUser searches for &amp#27;[0m&amp#27;[32m&amp#27;[1m"Tajikistan"&amp#27;[0m&amp#27;[32m capital&amp#27;[0m   &amp#27;[90m# com.cydeo.step_definitions.GoogleSearchStepDefs.user_searches_for_capital(java.lang.String)&amp#27;[0m
  &amp#27;[32mThen &amp#27;[0m&amp#27;[32mUser should see &amp#27;[0m&amp#27;[32m&amp#27;[1m"Dushanbe"&amp#27;[0m&amp#27;[32m in the result&amp#27;[0m &amp#27;[90m# com.cydeo.step_definitions.GoogleSearchStepDefs.user_should_see_in_the_result(java.lang.String)&amp#27;[0m
-->It is coming from @After in Hooks
]]></system-out>
    <system-err><![CDATA[Starting ChromeDriver 103.0.5060.53 (a1711811edd74ff1cf2150f36ffa3b0dae40b17f-refs/branch-heads/5060@{#853}) on port 35196
Only local connections are allowed.
Please see https://chromedriver.chromium.org/security-considerations for suggestions on keeping ChromeDriver safe.
ChromeDriver was started successfully.
Jul 12, 2022 10:34:26 AM org.openqa.selenium.remote.ProtocolHandshake createSession
INFO: Detected dialect: W3C
]]></system-err>
  </testcase>
  <testcase name="Google capital city search #4" classname="Data Driven testing is using Scenario Outline" time="11.547">
    <system-out><![CDATA[
@google_scenario_outline
Scenario Outline: Google capital city search &amp#27;[90m# src/test/resources/features/googleScenarioOutline.feature:12&amp#27;[0m
-->It is coming from @Before in Hooks
  &amp#27;[32mGiven &amp#27;[0m&amp#27;[32mUser is on Google search page&amp#27;[0m        &amp#27;[90m# com.cydeo.step_definitions.GoogleSearchStepDefs.user_is_on_google_search_page()&amp#27;[0m
  &amp#27;[32mWhen &amp#27;[0m&amp#27;[32mUser searches for &amp#27;[0m&amp#27;[32m&amp#27;[1m"Bulgaria"&amp#27;[0m&amp#27;[32m capital&amp#27;[0m  &amp#27;[90m# com.cydeo.step_definitions.GoogleSearchStepDefs.user_searches_for_capital(java.lang.String)&amp#27;[0m
  &amp#27;[32mThen &amp#27;[0m&amp#27;[32mUser should see &amp#27;[0m&amp#27;[32m&amp#27;[1m"Sofia"&amp#27;[0m&amp#27;[32m in the result&amp#27;[0m &amp#27;[90m# com.cydeo.step_definitions.GoogleSearchStepDefs.user_should_see_in_the_result(java.lang.String)&amp#27;[0m
-->It is coming from @After in Hooks
]]></system-out>
    <system-err><![CDATA[Starting ChromeDriver 103.0.5060.53 (a1711811edd74ff1cf2150f36ffa3b0dae40b17f-refs/branch-heads/5060@{#853}) on port 32629
Only local connections are allowed.
Please see https://chromedriver.chromium.org/security-considerations for suggestions on keeping ChromeDriver safe.
ChromeDriver was started successfully.
Jul 12, 2022 10:34:36 AM org.openqa.selenium.remote.ProtocolHandshake createSession
INFO: Detected dialect: W3C
]]></system-err>
  </testcase>
  <testcase name="Google capital city search #5" classname="Data Driven testing is using Scenario Outline" time="8.782">
    <system-out><![CDATA[
@google_scenario_outline
Scenario Outline: Google capital city search &amp#27;[90m# src/test/resources/features/googleScenarioOutline.feature:13&amp#27;[0m
-->It is coming from @Before in Hooks
  &amp#27;[32mGiven &amp#27;[0m&amp#27;[32mUser is on Google search page&amp#27;[0m        &amp#27;[90m# com.cydeo.step_definitions.GoogleSearchStepDefs.user_is_on_google_search_page()&amp#27;[0m
  &amp#27;[32mWhen &amp#27;[0m&amp#27;[32mUser searches for &amp#27;[0m&amp#27;[32m&amp#27;[1m"Ukraine"&amp#27;[0m&amp#27;[32m capital&amp#27;[0m   &amp#27;[90m# com.cydeo.step_definitions.GoogleSearchStepDefs.user_searches_for_capital(java.lang.String)&amp#27;[0m
  &amp#27;[32mThen &amp#27;[0m&amp#27;[32mUser should see &amp#27;[0m&amp#27;[32m&amp#27;[1m"Kyiv"&amp#27;[0m&amp#27;[32m in the result&amp#27;[0m  &amp#27;[90m# com.cydeo.step_definitions.GoogleSearchStepDefs.user_should_see_in_the_result(java.lang.String)&amp#27;[0m
-->It is coming from @After in Hooks
]]></system-out>
    <system-err><![CDATA[Starting ChromeDriver 103.0.5060.53 (a1711811edd74ff1cf2150f36ffa3b0dae40b17f-refs/branch-heads/5060@{#853}) on port 44855
Only local connections are allowed.
Please see https://chromedriver.chromium.org/security-considerations for suggestions on keeping ChromeDriver safe.
ChromeDriver was started successfully.
Jul 12, 2022 10:34:48 AM org.openqa.selenium.remote.ProtocolHandshake createSession
INFO: Detected dialect: W3C
]]></system-err>
  </testcase>
  <testcase name="Google capital city search #6" classname="Data Driven testing is using Scenario Outline" time="8.51">
    <system-out><![CDATA[
@google_scenario_outline
Scenario Outline: Google capital city search   &amp#27;[90m# src/test/resources/features/googleScenarioOutline.feature:14&amp#27;[0m
-->It is coming from @Before in Hooks
  &amp#27;[32mGiven &amp#27;[0m&amp#27;[32mUser is on Google search page&amp#27;[0m          &amp#27;[90m# com.cydeo.step_definitions.GoogleSearchStepDefs.user_is_on_google_search_page()&amp#27;[0m
  &amp#27;[32mWhen &amp#27;[0m&amp#27;[32mUser searches for &amp#27;[0m&amp#27;[32m&amp#27;[1m"Afghanistan"&amp#27;[0m&amp#27;[32m capital&amp#27;[0m &amp#27;[90m# com.cydeo.step_definitions.GoogleSearchStepDefs.user_searches_for_capital(java.lang.String)&amp#27;[0m
  &amp#27;[32mThen &amp#27;[0m&amp#27;[32mUser should see &amp#27;[0m&amp#27;[32m&amp#27;[1m"Kabul"&amp#27;[0m&amp#27;[32m in the result&amp#27;[0m   &amp#27;[90m# com.cydeo.step_definitions.GoogleSearchStepDefs.user_should_see_in_the_result(java.lang.String)&amp#27;[0m
-->It is coming from @After in Hooks
]]></system-out>
    <system-err><![CDATA[Starting ChromeDriver 103.0.5060.53 (a1711811edd74ff1cf2150f36ffa3b0dae40b17f-refs/branch-heads/5060@{#853}) on port 13502
Only local connections are allowed.
Please see https://chromedriver.chromium.org/security-considerations for suggestions on keeping ChromeDriver safe.
ChromeDriver was started successfully.
Jul 12, 2022 10:34:56 AM org.openqa.selenium.remote.ProtocolHandshake createSession
INFO: Detected dialect: W3C
]]></system-err>
  </testcase>
  <testcase name="Google capital city search #7" classname="Data Driven testing is using Scenario Outline" time="7.709">
    <system-out><![CDATA[
@google_scenario_outline
Scenario Outline: Google capital city search            &amp#27;[90m# src/test/resources/features/googleScenarioOutline.feature:15&amp#27;[0m
-->It is coming from @Before in Hooks
  &amp#27;[32mGiven &amp#27;[0m&amp#27;[32mUser is on Google search page&amp#27;[0m                   &amp#27;[90m# com.cydeo.step_definitions.GoogleSearchStepDefs.user_is_on_google_search_page()&amp#27;[0m
  &amp#27;[32mWhen &amp#27;[0m&amp#27;[32mUser searches for &amp#27;[0m&amp#27;[32m&amp#27;[1m"USA"&amp#27;[0m&amp#27;[32m capital&amp#27;[0m                  &amp#27;[90m# com.cydeo.step_definitions.GoogleSearchStepDefs.user_searches_for_capital(java.lang.String)&amp#27;[0m
  &amp#27;[32mThen &amp#27;[0m&amp#27;[32mUser should see &amp#27;[0m&amp#27;[32m&amp#27;[1m"Washington, D.C."&amp#27;[0m&amp#27;[32m in the result&amp#27;[0m &amp#27;[90m# com.cydeo.step_definitions.GoogleSearchStepDefs.user_should_see_in_the_result(java.lang.String)&amp#27;[0m
-->It is coming from @After in Hooks
]]></system-out>
    <system-err><![CDATA[Starting ChromeDriver 103.0.5060.53 (a1711811edd74ff1cf2150f36ffa3b0dae40b17f-refs/branch-heads/5060@{#853}) on port 30296
Only local connections are allowed.
Please see https://chromedriver.chromium.org/security-considerations for suggestions on keeping ChromeDriver safe.
ChromeDriver was started successfully.
Jul 12, 2022 10:35:05 AM org.openqa.selenium.remote.ProtocolHandshake createSession
INFO: Detected dialect: W3C
]]></system-err>
  </testcase>
</testsuite>